{"/home/infomaster/repos/microverse/javascript and networking/movie-app/src/modules/api.js": {"path":"/home/infomaster/repos/microverse/javascript and networking/movie-app/src/modules/api.js","statementMap":{"0":{"start":{"line":2,"column":14},"end":{"line":2,"column":38}},"1":{"start":{"line":3,"column":16},"end":{"line":3,"column":89}},"2":{"start":{"line":7,"column":14},"end":{"line":7,"column":36}}},"fnMap":{},"branchMap":{},"s":{"0":1,"1":1,"2":1},"f":{},"b":{},"_coverageSchema":"1a1c01bbd47fc00a2c39e90264f33305004495a9","hash":"6694e4ec3ea45ce01ece7128918ac5fd0fb0a35c"}
,"/home/infomaster/repos/microverse/javascript and networking/movie-app/src/modules/element-info.js": {"path":"/home/infomaster/repos/microverse/javascript and networking/movie-app/src/modules/element-info.js","statementMap":{"0":{"start":{"line":6,"column":21},"end":{"line":9,"column":3}},"1":{"start":{"line":7,"column":24},"end":{"line":7,"column":63}},"2":{"start":{"line":8,"column":4},"end":{"line":8,"column":41}},"3":{"start":{"line":11,"column":22},"end":{"line":66,"column":3}},"4":{"start":{"line":12,"column":26},"end":{"line":12,"column":67}},"5":{"start":{"line":13,"column":17},"end":{"line":13,"column":46}},"6":{"start":{"line":14,"column":4},"end":{"line":14,"column":31}},"7":{"start":{"line":17,"column":27},"end":{"line":17,"column":56}},"8":{"start":{"line":18,"column":4},"end":{"line":18,"column":52}},"9":{"start":{"line":20,"column":18},"end":{"line":20,"column":47}},"10":{"start":{"line":21,"column":4},"end":{"line":21,"column":38}},"11":{"start":{"line":22,"column":4},"end":{"line":22,"column":23}},"12":{"start":{"line":24,"column":21},"end":{"line":24,"column":50}},"13":{"start":{"line":25,"column":4},"end":{"line":25,"column":40}},"14":{"start":{"line":27,"column":22},"end":{"line":27,"column":50}},"15":{"start":{"line":28,"column":4},"end":{"line":28,"column":42}},"16":{"start":{"line":29,"column":4},"end":{"line":29,"column":32}},"17":{"start":{"line":31,"column":27},"end":{"line":31,"column":56}},"18":{"start":{"line":32,"column":4},"end":{"line":32,"column":52}},"19":{"start":{"line":33,"column":24},"end":{"line":33,"column":54}},"20":{"start":{"line":34,"column":4},"end":{"line":34,"column":35}},"21":{"start":{"line":37,"column":24},"end":{"line":40,"column":5}},"22":{"start":{"line":38,"column":27},"end":{"line":38,"column":48}},"23":{"start":{"line":39,"column":6},"end":{"line":39,"column":74}},"24":{"start":{"line":42,"column":22},"end":{"line":42,"column":49}},"25":{"start":{"line":43,"column":4},"end":{"line":43,"column":52}},"26":{"start":{"line":45,"column":27},"end":{"line":45,"column":59}},"27":{"start":{"line":46,"column":4},"end":{"line":46,"column":52}},"28":{"start":{"line":47,"column":4},"end":{"line":47,"column":44}},"29":{"start":{"line":49,"column":4},"end":{"line":49,"column":90}},"30":{"start":{"line":49,"column":51},"end":{"line":49,"column":88}},"31":{"start":{"line":53,"column":4},"end":{"line":57,"column":7}},"32":{"start":{"line":54,"column":6},"end":{"line":54,"column":25}},"33":{"start":{"line":55,"column":6},"end":{"line":55,"column":28}},"34":{"start":{"line":56,"column":6},"end":{"line":56,"column":20}},"35":{"start":{"line":60,"column":4},"end":{"line":60,"column":31}},"36":{"start":{"line":61,"column":4},"end":{"line":61,"column":58}},"37":{"start":{"line":63,"column":4},"end":{"line":63,"column":33}},"38":{"start":{"line":64,"column":4},"end":{"line":64,"column":47}},"39":{"start":{"line":65,"column":4},"end":{"line":65,"column":50}}},"fnMap":{"0":{"name":"(anonymous_0)","decl":{"start":{"line":6,"column":21},"end":{"line":6,"column":22}},"loc":{"start":{"line":6,"column":32},"end":{"line":9,"column":3}},"line":6},"1":{"name":"(anonymous_1)","decl":{"start":{"line":11,"column":22},"end":{"line":11,"column":23}},"loc":{"start":{"line":11,"column":64},"end":{"line":66,"column":3}},"line":11},"2":{"name":"(anonymous_2)","decl":{"start":{"line":37,"column":24},"end":{"line":37,"column":25}},"loc":{"start":{"line":37,"column":30},"end":{"line":40,"column":5}},"line":37},"3":{"name":"(anonymous_3)","decl":{"start":{"line":49,"column":45},"end":{"line":49,"column":46}},"loc":{"start":{"line":49,"column":51},"end":{"line":49,"column":88}},"line":49},"4":{"name":"(anonymous_4)","decl":{"start":{"line":53,"column":40},"end":{"line":53,"column":41}},"loc":{"start":{"line":53,"column":53},"end":{"line":57,"column":5}},"line":53}},"branchMap":{"0":{"loc":{"start":{"line":39,"column":30},"end":{"line":39,"column":73}},"type":"cond-expr","locations":[{"start":{"line":39,"column":45},"end":{"line":39,"column":69}},{"start":{"line":39,"column":72},"end":{"line":39,"column":73}}],"line":39}},"s":{"0":1,"1":0,"2":0,"3":1,"4":0,"5":0,"6":0,"7":0,"8":0,"9":0,"10":0,"11":0,"12":0,"13":0,"14":0,"15":0,"16":0,"17":0,"18":0,"19":0,"20":0,"21":0,"22":0,"23":0,"24":0,"25":0,"26":0,"27":0,"28":0,"29":0,"30":0,"31":0,"32":0,"33":0,"34":0,"35":0,"36":0,"37":0,"38":0,"39":0},"f":{"0":0,"1":0,"2":0,"3":0,"4":0},"b":{"0":[0,0]},"_coverageSchema":"1a1c01bbd47fc00a2c39e90264f33305004495a9","hash":"fd6cf1e9eba968aec5759983d674bfb33e7390c5"}
,"/home/infomaster/repos/microverse/javascript and networking/movie-app/src/modules/commentModal/commentPopulate.js": {"path":"/home/infomaster/repos/microverse/javascript and networking/movie-app/src/modules/commentModal/commentPopulate.js","statementMap":{"0":{"start":{"line":1,"column":18},"end":{"line":5,"column":1}},"1":{"start":{"line":2,"column":13},"end":{"line":2,"column":41}},"2":{"start":{"line":3,"column":2},"end":{"line":3,"column":21}},"3":{"start":{"line":4,"column":2},"end":{"line":4,"column":12}},"4":{"start":{"line":7,"column":22},"end":{"line":14,"column":1}},"5":{"start":{"line":8,"column":18},"end":{"line":8,"column":46}},"6":{"start":{"line":9,"column":16},"end":{"line":9,"column":50}},"7":{"start":{"line":10,"column":15},"end":{"line":10,"column":44}},"8":{"start":{"line":11,"column":18},"end":{"line":11,"column":46}},"9":{"start":{"line":12,"column":2},"end":{"line":12,"column":39}},"10":{"start":{"line":13,"column":2},"end":{"line":13,"column":17}},"11":{"start":{"line":15,"column":23},"end":{"line":26,"column":1}},"12":{"start":{"line":16,"column":19},"end":{"line":16,"column":51}},"13":{"start":{"line":17,"column":14},"end":{"line":17,"column":39}},"14":{"start":{"line":18,"column":2},"end":{"line":21,"column":3}},"15":{"start":{"line":19,"column":4},"end":{"line":19,"column":32}},"16":{"start":{"line":20,"column":4},"end":{"line":20,"column":38}},"17":{"start":{"line":22,"column":2},"end":{"line":25,"column":5}},"18":{"start":{"line":23,"column":21},"end":{"line":23,"column":43}},"19":{"start":{"line":24,"column":4},"end":{"line":24,"column":35}}},"fnMap":{"0":{"name":"(anonymous_0)","decl":{"start":{"line":1,"column":18},"end":{"line":1,"column":19}},"loc":{"start":{"line":1,"column":25},"end":{"line":5,"column":1}},"line":1},"1":{"name":"(anonymous_1)","decl":{"start":{"line":7,"column":22},"end":{"line":7,"column":23}},"loc":{"start":{"line":7,"column":32},"end":{"line":14,"column":1}},"line":7},"2":{"name":"(anonymous_2)","decl":{"start":{"line":15,"column":23},"end":{"line":15,"column":24}},"loc":{"start":{"line":15,"column":37},"end":{"line":26,"column":1}},"line":15},"3":{"name":"(anonymous_3)","decl":{"start":{"line":22,"column":19},"end":{"line":22,"column":20}},"loc":{"start":{"line":22,"column":32},"end":{"line":25,"column":3}},"line":22}},"branchMap":{},"s":{"0":1,"1":0,"2":0,"3":0,"4":1,"5":0,"6":0,"7":0,"8":0,"9":0,"10":0,"11":1,"12":0,"13":0,"14":0,"15":0,"16":0,"17":0,"18":0,"19":0},"f":{"0":0,"1":0,"2":0,"3":0},"b":{},"_coverageSchema":"1a1c01bbd47fc00a2c39e90264f33305004495a9","hash":"1f54a58a3cb1aa742a04876f4c4dd4fa1fc20227"}
,"/home/infomaster/repos/microverse/javascript and networking/movie-app/src/modules/commentModal/getComments.js": {"path":"/home/infomaster/repos/microverse/javascript and networking/movie-app/src/modules/commentModal/getComments.js","statementMap":{"0":{"start":{"line":5,"column":20},"end":{"line":18,"column":1}},"1":{"start":{"line":6,"column":19},"end":{"line":11,"column":4}},"2":{"start":{"line":12,"column":2},"end":{"line":14,"column":3}},"3":{"start":{"line":13,"column":4},"end":{"line":13,"column":27}},"4":{"start":{"line":15,"column":23},"end":{"line":15,"column":44}},"5":{"start":{"line":17,"column":2},"end":{"line":17,"column":38}}},"fnMap":{"0":{"name":"(anonymous_0)","decl":{"start":{"line":5,"column":20},"end":{"line":5,"column":21}},"loc":{"start":{"line":5,"column":34},"end":{"line":18,"column":1}},"line":5}},"branchMap":{"0":{"loc":{"start":{"line":12,"column":2},"end":{"line":14,"column":3}},"type":"if","locations":[{"start":{"line":12,"column":2},"end":{"line":14,"column":3}},{"start":{},"end":{}}],"line":12}},"s":{"0":1,"1":0,"2":0,"3":0,"4":0,"5":0},"f":{"0":0},"b":{"0":[0,0]},"_coverageSchema":"1a1c01bbd47fc00a2c39e90264f33305004495a9","hash":"a12ad67f0db51c4ba5bbbcfdf9e510c93c2f2af2"}
,"/home/infomaster/repos/microverse/javascript and networking/movie-app/src/modules/commentModal/modal.js": {"path":"/home/infomaster/repos/microverse/javascript and networking/movie-app/src/modules/commentModal/modal.js","statementMap":{"0":{"start":{"line":5,"column":14},"end":{"line":93,"column":1}},"1":{"start":{"line":6,"column":16},"end":{"line":6,"column":48}},"2":{"start":{"line":7,"column":16},"end":{"line":7,"column":45}},"3":{"start":{"line":8,"column":2},"end":{"line":8,"column":31}},"4":{"start":{"line":10,"column":19},"end":{"line":10,"column":48}},"5":{"start":{"line":11,"column":2},"end":{"line":11,"column":38}},"6":{"start":{"line":12,"column":2},"end":{"line":12,"column":24}},"7":{"start":{"line":14,"column":22},"end":{"line":14,"column":51}},"8":{"start":{"line":15,"column":2},"end":{"line":15,"column":39}},"9":{"start":{"line":16,"column":2},"end":{"line":16,"column":34}},"10":{"start":{"line":18,"column":19},"end":{"line":18,"column":48}},"11":{"start":{"line":19,"column":2},"end":{"line":19,"column":38}},"12":{"start":{"line":21,"column":21},"end":{"line":21,"column":49}},"13":{"start":{"line":22,"column":2},"end":{"line":22,"column":41}},"14":{"start":{"line":23,"column":2},"end":{"line":23,"column":31}},"15":{"start":{"line":25,"column":19},"end":{"line":25,"column":51}},"16":{"start":{"line":26,"column":2},"end":{"line":26,"column":32}},"17":{"start":{"line":27,"column":2},"end":{"line":27,"column":38}},"18":{"start":{"line":29,"column":19},"end":{"line":29,"column":48}},"19":{"start":{"line":30,"column":2},"end":{"line":30,"column":44}},"20":{"start":{"line":32,"column":23},"end":{"line":32,"column":54}},"21":{"start":{"line":33,"column":2},"end":{"line":33,"column":41}},"22":{"start":{"line":34,"column":19},"end":{"line":34,"column":47}},"23":{"start":{"line":35,"column":21},"end":{"line":35,"column":49}},"24":{"start":{"line":36,"column":2},"end":{"line":36,"column":40}},"25":{"start":{"line":37,"column":21},"end":{"line":37,"column":49}},"26":{"start":{"line":38,"column":2},"end":{"line":38,"column":40}},"27":{"start":{"line":39,"column":24},"end":{"line":39,"column":52}},"28":{"start":{"line":40,"column":2},"end":{"line":40,"column":40}},"29":{"start":{"line":41,"column":2},"end":{"line":41,"column":57}},"30":{"start":{"line":43,"column":20},"end":{"line":43,"column":51}},"31":{"start":{"line":44,"column":2},"end":{"line":44,"column":35}},"32":{"start":{"line":45,"column":2},"end":{"line":45,"column":43}},"33":{"start":{"line":47,"column":25},"end":{"line":55,"column":3}},"34":{"start":{"line":48,"column":14},"end":{"line":48,"column":55}},"35":{"start":{"line":48,"column":52},"end":{"line":48,"column":54}},"36":{"start":{"line":49,"column":4},"end":{"line":54,"column":5}},"37":{"start":{"line":50,"column":6},"end":{"line":50,"column":53}},"38":{"start":{"line":51,"column":6},"end":{"line":51,"column":24}},"39":{"start":{"line":53,"column":6},"end":{"line":53,"column":43}},"40":{"start":{"line":56,"column":2},"end":{"line":56,"column":19}},"41":{"start":{"line":57,"column":18},"end":{"line":57,"column":47}},"42":{"start":{"line":58,"column":2},"end":{"line":58,"column":36}},"43":{"start":{"line":59,"column":13},"end":{"line":59,"column":41}},"44":{"start":{"line":60,"column":2},"end":{"line":60,"column":35}},"45":{"start":{"line":62,"column":15},"end":{"line":62,"column":45}},"46":{"start":{"line":63,"column":2},"end":{"line":63,"column":37}},"47":{"start":{"line":64,"column":15},"end":{"line":64,"column":46}},"48":{"start":{"line":65,"column":19},"end":{"line":65,"column":53}},"49":{"start":{"line":66,"column":21},"end":{"line":66,"column":53}},"50":{"start":{"line":67,"column":2},"end":{"line":67,"column":42}},"51":{"start":{"line":68,"column":2},"end":{"line":68,"column":37}},"52":{"start":{"line":69,"column":2},"end":{"line":69,"column":42}},"53":{"start":{"line":71,"column":2},"end":{"line":76,"column":5}},"54":{"start":{"line":72,"column":4},"end":{"line":72,"column":23}},"55":{"start":{"line":73,"column":4},"end":{"line":73,"column":71}},"56":{"start":{"line":74,"column":4},"end":{"line":74,"column":21}},"57":{"start":{"line":75,"column":4},"end":{"line":75,"column":17}},"58":{"start":{"line":78,"column":2},"end":{"line":78,"column":27}},"59":{"start":{"line":79,"column":19},"end":{"line":79,"column":48}},"60":{"start":{"line":80,"column":2},"end":{"line":80,"column":45}},"61":{"start":{"line":81,"column":2},"end":{"line":81,"column":43}},"62":{"start":{"line":82,"column":2},"end":{"line":82,"column":40}},"63":{"start":{"line":83,"column":2},"end":{"line":83,"column":81}},"64":{"start":{"line":86,"column":2},"end":{"line":86,"column":31}},"65":{"start":{"line":87,"column":2},"end":{"line":87,"column":27}},"66":{"start":{"line":89,"column":2},"end":{"line":92,"column":5}},"67":{"start":{"line":90,"column":4},"end":{"line":90,"column":19}},"68":{"start":{"line":91,"column":4},"end":{"line":91,"column":33}}},"fnMap":{"0":{"name":"(anonymous_0)","decl":{"start":{"line":5,"column":14},"end":{"line":5,"column":15}},"loc":{"start":{"line":5,"column":56},"end":{"line":93,"column":1}},"line":5},"1":{"name":"(anonymous_1)","decl":{"start":{"line":47,"column":25},"end":{"line":47,"column":26}},"loc":{"start":{"line":47,"column":37},"end":{"line":55,"column":3}},"line":47},"2":{"name":"(anonymous_2)","decl":{"start":{"line":48,"column":46},"end":{"line":48,"column":47}},"loc":{"start":{"line":48,"column":52},"end":{"line":48,"column":54}},"line":48},"3":{"name":"(anonymous_3)","decl":{"start":{"line":71,"column":39},"end":{"line":71,"column":40}},"loc":{"start":{"line":71,"column":52},"end":{"line":76,"column":3}},"line":71},"4":{"name":"(anonymous_4)","decl":{"start":{"line":89,"column":37},"end":{"line":89,"column":38}},"loc":{"start":{"line":89,"column":43},"end":{"line":92,"column":3}},"line":89}},"branchMap":{"0":{"loc":{"start":{"line":49,"column":4},"end":{"line":54,"column":5}},"type":"if","locations":[{"start":{"line":49,"column":4},"end":{"line":54,"column":5}},{"start":{"line":52,"column":11},"end":{"line":54,"column":5}}],"line":49}},"s":{"0":1,"1":0,"2":0,"3":0,"4":0,"5":0,"6":0,"7":0,"8":0,"9":0,"10":0,"11":0,"12":0,"13":0,"14":0,"15":0,"16":0,"17":0,"18":0,"19":0,"20":0,"21":0,"22":0,"23":0,"24":0,"25":0,"26":0,"27":0,"28":0,"29":0,"30":0,"31":0,"32":0,"33":0,"34":0,"35":0,"36":0,"37":0,"38":0,"39":0,"40":0,"41":0,"42":0,"43":0,"44":0,"45":0,"46":0,"47":0,"48":0,"49":0,"50":0,"51":0,"52":0,"53":0,"54":0,"55":0,"56":0,"57":0,"58":0,"59":0,"60":0,"61":0,"62":0,"63":0,"64":0,"65":0,"66":0,"67":0,"68":0},"f":{"0":0,"1":0,"2":0,"3":0,"4":0},"b":{"0":[0,0]},"_coverageSchema":"1a1c01bbd47fc00a2c39e90264f33305004495a9","hash":"3f09c051684c9cecddf831331bd3f9f0bd0eb1bc"}
,"/home/infomaster/repos/microverse/javascript and networking/movie-app/src/modules/commentModal/postComments.js": {"path":"/home/infomaster/repos/microverse/javascript and networking/movie-app/src/modules/commentModal/postComments.js","statementMap":{"0":{"start":{"line":3,"column":21},"end":{"line":18,"column":1}},"1":{"start":{"line":4,"column":19},"end":{"line":15,"column":4}},"2":{"start":{"line":16,"column":23},"end":{"line":16,"column":44}},"3":{"start":{"line":17,"column":2},"end":{"line":17,"column":22}}},"fnMap":{"0":{"name":"(anonymous_0)","decl":{"start":{"line":3,"column":21},"end":{"line":3,"column":22}},"loc":{"start":{"line":3,"column":68},"end":{"line":18,"column":1}},"line":3}},"branchMap":{},"s":{"0":1,"1":0,"2":0,"3":0},"f":{"0":0},"b":{},"_coverageSchema":"1a1c01bbd47fc00a2c39e90264f33305004495a9","hash":"26b089b3e1a1eba9d729971bc2dbf34b6cfb7fdd"}
,"/home/infomaster/repos/microverse/javascript and networking/movie-app/src/modules/likes/postLikes.js": {"path":"/home/infomaster/repos/microverse/javascript and networking/movie-app/src/modules/likes/postLikes.js","statementMap":{"0":{"start":{"line":2,"column":16},"end":{"line":14,"column":1}},"1":{"start":{"line":3,"column":19},"end":{"line":11,"column":4}},"2":{"start":{"line":12,"column":23},"end":{"line":12,"column":44}},"3":{"start":{"line":13,"column":2},"end":{"line":13,"column":22}}},"fnMap":{"0":{"name":"(anonymous_0)","decl":{"start":{"line":2,"column":16},"end":{"line":2,"column":17}},"loc":{"start":{"line":2,"column":30},"end":{"line":14,"column":1}},"line":2}},"branchMap":{},"s":{"0":1,"1":0,"2":0,"3":0},"f":{"0":0},"b":{},"_coverageSchema":"1a1c01bbd47fc00a2c39e90264f33305004495a9","hash":"9d675b1c305d9a693d925353fa658657b07e8615"}
}
